|                                                              const char*
In file included from I:\Administrator\Documents\Arduino\ESP3D-Debug\esp3d\src\modules\filesystem\esp_globalFS.h:29,
                 from I:\Administrator\Documents\Arduino\ESP3D-Debug\esp3d\src\modules\webdav\webdav_server.h:31,
                 from I:\Administrator\Documents\Arduino\ESP3D-Debug\esp3d\src\core\esp3d_commands.h:52,
                 from I:\Administrator\Documents\Arduino\ESP3D-Debug\esp3d\src\modules\http\http_server.h:23,
                 from I:\Administrator\Documents\Arduino\ESP3D-Debug\esp3d\src\modules\http\handlers\handle-filenotfound.cpp:22:
I:\Administrator\Documents\Arduino\ESP3D-Debug\esp3d\src\modules\filesystem\esp_filesystem.h:82:50: note:   initializing argument 2 of 'static ESP_File ESP_FileSystem::open(const char*, uint8_t)'
   82 |   static ESP_File open(const char *path, uint8_t mode = ESP_FILE_READ);
I:\Administrator\Documents\Arduino\ESP3D-Debug\esp3d\src\modules\http\handlers\handle-filenotfound.cpp:109:85: error: no matching function for call to 'AsyncWebServerRequest::send(ESP_File, String&, bool)'
  109 |       request->send(ESP_FileSystem::open(pathWithGz.c_str(), "r"), contentType, true); // Use send with File and gzip encoding
      |                                                                                     ^
In file included from I:\Administrator\Documents\Arduino\ESP3D-Debug\esp3d\src\core\esp3d_message.h:33,
                 from I:\Administrator\Documents\Arduino\ESP3D-Debug\esp3d\src\core\esp3d_settings.h:29,
                 from I:\Administrator\Documents\Arduino\ESP3D-Debug\esp3d\src\core\esp3d_commands.h:27,
                 from I:\Administrator\Documents\Arduino\ESP3D-Debug\esp3d\src\modules\http\http_server.h:23,
                 from I:\Administrator\Documents\Arduino\ESP3D-Debug\esp3d\src\modules\http\handlers\handle-filenotfound.cpp:22:
i:\Administrator\Documents\Arduino\libraries\ESPAsyncWebServer\src/ESPAsyncWebServer.h:236:10: note: candidate: 'void AsyncWebServerRequest::send(AsyncWebServerResponse*)'
  236 |     void send(AsyncWebServerResponse *response);
      |          ^~~~
i:\Administrator\Documents\Arduino\libraries\ESPAsyncWebServer\src/ESPAsyncWebServer.h:236:10: note:   candidate expects 1 argument, 3 provided
i:\Administrator\Documents\Arduino\libraries\ESPAsyncWebServer\src/ESPAsyncWebServer.h:237:10: note: candidate: 'void AsyncWebServerRequest::send(int, const String&, const String&)'
  237 |     void send(int code, const String& contentType=String(), const String& content=String());
      |          ^~~~
i:\Administrator\Documents\Arduino\libraries\ESPAsyncWebServer\src/ESPAsyncWebServer.h:237:75: note:   no known conversion for argument 3 from 'bool' to 'const String&'
  237 |     void send(int code, const String& contentType=String(), const String& content=String());
      |                                                             ~~~~~~~~~~~~~~^~~~~~~~~~~~~~~~
i:\Administrator\Documents\Arduino\libraries\ESPAsyncWebServer\src/ESPAsyncWebServer.h:238:10: note: candidate: 'void AsyncWebServerRequest::send(AsyncWebServerRequest::FS&, const String&, const String&, bool, AwsTemplateProcessor)'
  238 |     void send(FS &fs, const String& path, const String& contentType=String(), bool download=false, AwsTemplateProcessor callback=nullptr);
      |          ^~~~
i:\Administrator\Documents\Arduino\libraries\ESPAsyncWebServer\src/ESPAsyncWebServer.h:238:19: note:   no known conversion for argument 1 from 'ESP_File' to 'AsyncWebServerRequest::FS&' {aka 'fs::FS&'}
  238 |     void send(FS &fs, const String& path, const String& contentType=String(), bool download=false, AwsTemplateProcessor callback=nullptr);
      |               ~~~~^~
i:\Administrator\Documents\Arduino\libraries\ESPAsyncWebServer\src/ESPAsyncWebServer.h:239:10: note: candidate: 'void AsyncWebServerRequest::send(AsyncWebServerRequest::File, const String&, const String&, bool, AwsTemplateProcessor)'
  239 |     void send(File content, const String& path, const String& contentType=String(), bool download=false, AwsTemplateProcessor callback=nullptr);
      |          ^~~~
i:\Administrator\Documents\Arduino\libraries\ESPAsyncWebServer\src/ESPAsyncWebServer.h:239:20: note:   no known conversion for argument 1 from 'ESP_File' to 'AsyncWebServerRequest::File' {aka 'fs::File'}
  239 |     void send(File content, const String& path, const String& contentType=String(), bool download=false, AwsTemplateProcessor callback=nullptr);
      |               ~~~~~^~~~~~~
i:\Administrator\Documents\Arduino\libraries\ESPAsyncWebServer\src/ESPAsyncWebServer.h:240:10: note: candidate: 'void AsyncWebServerRequest::send(Stream&, const String&, size_t, AwsTemplateProcessor)'
  240 |     void send(Stream &stream, const String& contentType, size_t len, AwsTemplateProcessor callback=nullptr);
      |          ^~~~
i:\Administrator\Documents\Arduino\libraries\ESPAsyncWebServer\src/ESPAsyncWebServer.h:240:23: note:   no known conversion for argument 1 from 'ESP_File' to 'Stream&'
  240 |     void send(Stream &stream, const String& contentType, size_t len, AwsTemplateProcessor callback=nullptr);
      |               ~~~~~~~~^~~~~~
i:\Administrator\Documents\Arduino\libraries\ESPAsyncWebServer\src/ESPAsyncWebServer.h:241:10: note: candidate: 'void AsyncWebServerRequest::send(const String&, size_t, AwsResponseFiller, AwsTemplateProcessor)'
  241 |     void send(const String& contentType, size_t len, AwsResponseFiller callback, AwsTemplateProcessor templateCallback=nullptr);
      |          ^~~~
i:\Administrator\Documents\Arduino\libraries\ESPAsyncWebServer\src/ESPAsyncWebServer.h:241:29: note:   no known conversion for argument 1 from 'ESP_File' to 'const String&'
  241 |     void send(const String& contentType, size_t len, AwsResponseFiller callback, AwsTemplateProcessor templateCallback=nullptr);
      |               ~~~~~~~~~~~~~~^~~~~~~~~~~
I:\Administrator\Documents\Arduino\ESP3D-Debug\esp3d\src\modules\http\handlers\handle-command.cpp: In static member function 'static void HTTP_Server::handle_web_command(AsyncWebServerRequest*)':
I:\Administrator\Documents\Arduino\ESP3D-Debug\esp3d\src\modules\http\handlers\handle-command.cpp:84:64: error: no matching function for call to 'ESP3DCommands::dispatch(const char*, ESP3DClientType, ESP3DRequest&, ESP3DMessageType, ESP3DClientType, ESP3DAuthenticationLevel&)'
   84 |                               ESP3DClientType::http, auth_level);
      |                                                                ^
In file included from I:\Administrator\Documents\Arduino\ESP3D-Debug\esp3d\src\modules\http\http_server.h:23,
                 from I:\Administrator\Documents\Arduino\ESP3D-Debug\esp3d\src\modules\http\handlers\handle-command.cpp:22:
I:\Administrator\Documents\Arduino\ESP3D-Debug\esp3d\src\core\esp3d_commands.h:124:8: note: candidate: 'bool ESP3DCommands::dispatch(ESP3DMessage*, const char*)'
  124 |   bool dispatch(ESP3DMessage* msg, const char* sbuf);
      |        ^~~~~~~~
I:\Administrator\Documents\Arduino\ESP3D-Debug\esp3d\src\core\esp3d_commands.h:124:8: note:   candidate expects 2 arguments, 6 provided
I:\Administrator\Documents\Arduino\ESP3D-Debug\esp3d\src\core\esp3d_commands.h:125:8: note: candidate: 'bool ESP3DCommands::dispatch(ESP3DMessage*, uint8_t*, size_t)'
  125 |   bool dispatch(ESP3DMessage* msg, uint8_t* sbuf, size_t len);
      |        ^~~~~~~~
I:\Administrator\Documents\Arduino\ESP3D-Debug\esp3d\src\core\esp3d_commands.h:125:8: note:   candidate expects 3 arguments, 6 provided
I:\Administrator\Documents\Arduino\ESP3D-Debug\esp3d\src\core\esp3d_commands.h:126:8: note: candidate: 'bool ESP3DCommands::dispatch(ESP3DMessage*)'
  126 |   bool dispatch(ESP3DMessage* msg);
      |        ^~~~~~~~
I:\Administrator\Documents\Arduino\ESP3D-Debug\esp3d\src\core\esp3d_commands.h:126:8: note:   candidate expects 1 argument, 6 provided
I:\Administrator\Documents\Arduino\ESP3D-Debug\esp3d\src\core\esp3d_commands.h:127:8: note: candidate: 'bool ESP3DCommands::dispatch(uint8_t*, size_t, ESP3DClientType, ESP3DRequest, ESP3DMessageType, ESP3DClientType, ESP3DAuthenticationLevel)'
  127 |   bool dispatch(uint8_t* sbuf, size_t size, ESP3DClientType target, ESP3DRequest requestId, ESP3DMessageType type,
      |        ^~~~~~~~
I:\Administrator\Documents\Arduino\ESP3D-Debug\esp3d\src\core\esp3d_commands.h:127:39: note:   no known conversion for argument 2 from 'ESP3DClientType' to 'size_t' {aka 'unsigned int'}
  127 |   bool dispatch(uint8_t* sbuf, size_t size, ESP3DClientType target, ESP3DRequest requestId, ESP3DMessageType type,
      |                                ~~~~~~~^~~~
I:\Administrator\Documents\Arduino\ESP3D-Debug\esp3d\src\core\esp3d_commands.h:129:8: note: candidate: 'bool ESP3DCommands::dispatch(ESP3DMessage*, const char*, ESP3DClientType, ESP3DRequest, ESP3DMessageType, ESP3DAuthenticationLevel)'
  129 |   bool dispatch(ESP3DMessage* msg, const char* sbuf, ESP3DClientType target, ESP3DRequest requestId,
      |        ^~~~~~~~
I:\Administrator\Documents\Arduino\ESP3D-Debug\esp3d\src\core\esp3d_commands.h:129:31: note:   no known conversion for argument 1 from 'const char*' to 'ESP3DMessage*'
  129 |   bool dispatch(ESP3DMessage* msg, const char* sbuf, ESP3DClientType target, ESP3DRequest requestId,
      |                 ~~~~~~~~~~~~~~^~~
I:\Administrator\Documents\Arduino\ESP3D-Debug\esp3d\src\modules\http\handlers\upload-updatefw.cpp:44:6: error: no declaration matches 'void HTTP_Server::WebUpdateUpload(AsyncWebServerRequest*)'
   44 | void HTTP_Server::WebUpdateUpload(AsyncWebServerRequest *request) {
      |      ^~~~~~~~~~~
In file included from I:\Administrator\Documents\Arduino\ESP3D-Debug\esp3d\src\modules\http\handlers\upload-updatefw.cpp:22:
I:\Administrator\Documents\Arduino\ESP3D-Debug\esp3d\src\modules\http\http_server.h:81:15: note: candidate is: 'static void HTTP_Server::WebUpdateUpload(AsyncWebServerRequest*, const String&, size_t, uint8_t*, size_t, bool)'
   81 |   static void WebUpdateUpload(AsyncWebServerRequest *request, const String& filename, size_t index, uint8_t *data, size_t len, bool final);
      |               ^~~~~~~~~~~~~~~
In file included from I:\Administrator\Documents\Arduino\ESP3D-Debug\esp3d\src\modules\http\handlers\upload-updatefw.cpp:22:
I:\Administrator\Documents\Arduino\ESP3D-Debug\esp3d\src\modules\http\http_server.h:42:7: note: 'class HTTP_Server' defined here
   42 | class HTTP_Server {
      |       ^~~~~~~~~~~
I:\Administrator\Documents\Arduino\ESP3D-Debug\esp3d\src\modules\plugin\esp3d_plugin_manager.cpp: In static member function 'static bool ESP3DPluginManager::handleCommand(const char*, const char*)':
I:\Administrator\Documents\Arduino\ESP3D-Debug\esp3d\src\modules\plugin\esp3d_plugin_manager.cpp:32:98: error: 'no_request' is not a member of 'ESP3DRequest'
   32 |       esp3d_commands.dispatch(nullptr, response.c_str(), ESP3DClientType::command, ESP3DRequest::no_request, ESP3DMessageType::unique, ESP3DAuthenticationLevel::guest);
      |                                                                                                  ^~~~~~~~~~
I:\Administrator\Documents\Arduino\ESP3D-Debug\esp3d\src\modules\plugin\esp3d_plugin_manager.cpp:40:106: error: 'no_request' is not a member of 'ESP3DRequest'
   40 |         esp3d_commands.dispatch(nullptr, "Plugin state updated", ESP3DClientType::command, ESP3DRequest::no_request, ESP3DMessageType::unique, ESP3DAuthenticationLevel::guest);
      |                                                                                                          ^~~~~~~~~~
I:\Administrator\Documents\Arduino\ESP3D-Debug\esp3d\src\modules\plugin\esp3d_plugin_manager.cpp:42:115: error: 'no_request' is not a member of 'ESP3DRequest'
   42 |         esp3d_commands.dispatch(nullptr, "Failed to update plugin state", ESP3DClientType::command, ESP3DRequest::no_request, ESP3DMessageType::unique, ESP3DAuthenticationLevel::guest);
      |                                                                                                                   ^~~~~~~~~~
I:\Administrator\Documents\Arduino\ESP3D-Debug\esp3d\src\modules\direct_pin\direct_pin.cpp: In member function 'virtual bool DirectPin::handleCommand(const char*, const char*)':
I:\Administrator\Documents\Arduino\ESP3D-Debug\esp3d\src\modules\direct_pin\direct_pin.cpp:48:149: error: no matching function for call to 'ESP3DCommands::dispatch(const char [21], ESP3DClientType, int, ESP3DMessageType, ESP3DAuthenticationLevel)'
   48 |           esp3d_commands.dispatch("Pin set successfully", ESP3DClientType::all_clients, 0, ESP3DMessageType::unique, ESP3DAuthenticationLevel::admin);
      |                                                                                                                                                     ^
In file included from I:\Administrator\Documents\Arduino\ESP3D-Debug\esp3d\src\modules\http\http_server.h:23,
                 from I:\Administrator\Documents\Arduino\ESP3D-Debug\esp3d\src\modules\authentication\authentication_service.h:26,
                 from I:\Administrator\Documents\Arduino\ESP3D-Debug\esp3d\src\core\esp3d_settings.h:57,
                 from I:\Administrator\Documents\Arduino\ESP3D-Debug\esp3d\src\modules\direct_pin\direct_pin.cpp:8:
I:\Administrator\Documents\Arduino\ESP3D-Debug\esp3d\src\core\esp3d_commands.h:124:8: note: candidate: 'bool ESP3DCommands::dispatch(ESP3DMessage*, const char*)'
  124 |   bool dispatch(ESP3DMessage* msg, const char* sbuf);
      |        ^~~~~~~~
I:\Administrator\Documents\Arduino\ESP3D-Debug\esp3d\src\core\esp3d_commands.h:124:8: note:   candidate expects 2 arguments, 5 provided
I:\Administrator\Documents\Arduino\ESP3D-Debug\esp3d\src\core\esp3d_commands.h:125:8: note: candidate: 'bool ESP3DCommands::dispatch(ESP3DMessage*, uint8_t*, size_t)'
  125 |   bool dispatch(ESP3DMessage* msg, uint8_t* sbuf, size_t len);
      |        ^~~~~~~~
I:\Administrator\Documents\Arduino\ESP3D-Debug\esp3d\src\core\esp3d_commands.h:125:8: note:   candidate expects 3 arguments, 5 provided
I:\Administrator\Documents\Arduino\ESP3D-Debug\esp3d\src\core\esp3d_commands.h:126:8: note: candidate: 'bool ESP3DCommands::dispatch(ESP3DMessage*)'
  126 |   bool dispatch(ESP3DMessage* msg);
      |        ^~~~~~~~
I:\Administrator\Documents\Arduino\ESP3D-Debug\esp3d\src\core\esp3d_commands.h:126:8: note:   candidate expects 1 argument, 5 provided
I:\Administrator\Documents\Arduino\ESP3D-Debug\esp3d\src\core\esp3d_commands.h:127:8: note: candidate: 'bool ESP3DCommands::dispatch(uint8_t*, size_t, ESP3DClientType, ESP3DRequest, ESP3DMessageType, ESP3DClientType, ESP3DAuthenticationLevel)'
  127 |   bool dispatch(uint8_t* sbuf, size_t size, ESP3DClientType target, ESP3DRequest requestId, ESP3DMessageType type,
      |        ^~~~~~~~
I:\Administrator\Documents\Arduino\ESP3D-Debug\esp3d\src\core\esp3d_commands.h:127:8: note:   candidate expects 7 arguments, 5 provided
I:\Administrator\Documents\Arduino\ESP3D-Debug\esp3d\src\core\esp3d_commands.h:129:8: note: candidate: 'bool ESP3DCommands::dispatch(ESP3DMessage*, const char*, ESP3DClientType, ESP3DRequest, ESP3DMessageType, ESP3DAuthenticationLevel)'
  129 |   bool dispatch(ESP3DMessage* msg, const char* sbuf, ESP3DClientType target, ESP3DRequest requestId,
      |        ^~~~~~~~
I:\Administrator\Documents\Arduino\ESP3D-Debug\esp3d\src\core\esp3d_commands.h:129:8: note:   candidate expects 6 arguments, 5 provided
I:\Administrator\Documents\Arduino\ESP3D-Debug\esp3d\src\modules\direct_pin\direct_pin.cpp:54:141: error: no matching function for call to 'ESP3DCommands::dispatch(const char*, ESP3DClientType, int, ESP3DMessageType, ESP3DAuthenticationLevel)'
   54 |         esp3d_commands.dispatch(response.c_str(), ESP3DClientType::all_clients, 0, ESP3DMessageType::unique, ESP3DAuthenticationLevel::admin);
      |                                                                                                                                             ^
In file included from I:\Administrator\Documents\Arduino\ESP3D-Debug\esp3d\src\modules\http\http_server.h:23,
                 from I:\Administrator\Documents\Arduino\ESP3D-Debug\esp3d\src\modules\authentication\authentication_service.h:26,
                 from I:\Administrator\Documents\Arduino\ESP3D-Debug\esp3d\src\core\esp3d_settings.h:57,
                 from I:\Administrator\Documents\Arduino\ESP3D-Debug\esp3d\src\modules\direct_pin\direct_pin.cpp:8:
I:\Administrator\Documents\Arduino\ESP3D-Debug\esp3d\src\core\esp3d_commands.h:124:8: note: candidate: 'bool ESP3DCommands::dispatch(ESP3DMessage*, const char*)'
  124 |   bool dispatch(ESP3DMessage* msg, const char* sbuf);
      |        ^~~~~~~~
I:\Administrator\Documents\Arduino\ESP3D-Debug\esp3d\src\core\esp3d_commands.h:124:8: note:   candidate expects 2 arguments, 5 provided
I:\Administrator\Documents\Arduino\ESP3D-Debug\esp3d\src\core\esp3d_commands.h:125:8: note: candidate: 'bool ESP3DCommands::dispatch(ESP3DMessage*, uint8_t*, size_t)'
  125 |   bool dispatch(ESP3DMessage* msg, uint8_t* sbuf, size_t len);
      |        ^~~~~~~~
I:\Administrator\Documents\Arduino\ESP3D-Debug\esp3d\src\core\esp3d_commands.h:125:8: note:   candidate expects 3 arguments, 5 provided
I:\Administrator\Documents\Arduino\ESP3D-Debug\esp3d\src\core\esp3d_commands.h:126:8: note: candidate: 'bool ESP3DCommands::dispatch(ESP3DMessage*)'
  126 |   bool dispatch(ESP3DMessage* msg);
      |        ^~~~~~~~
I:\Administrator\Documents\Arduino\ESP3D-Debug\esp3d\src\core\esp3d_commands.h:126:8: note:   candidate expects 1 argument, 5 provided
I:\Administrator\Documents\Arduino\ESP3D-Debug\esp3d\src\core\esp3d_commands.h:127:8: note: candidate: 'bool ESP3DCommands::dispatch(uint8_t*, size_t, ESP3DClientType, ESP3DRequest, ESP3DMessageType, ESP3DClientType, ESP3DAuthenticationLevel)'
  127 |   bool dispatch(uint8_t* sbuf, size_t size, ESP3DClientType target, ESP3DRequest requestId, ESP3DMessageType type,
      |        ^~~~~~~~
I:\Administrator\Documents\Arduino\ESP3D-Debug\esp3d\src\core\esp3d_commands.h:127:8: note:   candidate expects 7 arguments, 5 provided
I:\Administrator\Documents\Arduino\ESP3D-Debug\esp3d\src\core\esp3d_commands.h:129:8: note: candidate: 'bool ESP3DCommands::dispatch(ESP3DMessage*, const char*, ESP3DClientType, ESP3DRequest, ESP3DMessageType, ESP3DAuthenticationLevel)'
  129 |   bool dispatch(ESP3DMessage* msg, const char* sbuf, ESP3DClientType target, ESP3DRequest requestId,
      |        ^~~~~~~~
I:\Administrator\Documents\Arduino\ESP3D-Debug\esp3d\src\core\esp3d_commands.h:129:8: note:   candidate expects 6 arguments, 5 provided
I:\Administrator\Documents\Arduino\ESP3D-Debug\esp3d\src\modules\direct_pin\direct_pin.cpp:58:143: error: no matching function for call to 'ESP3DCommands::dispatch(const char [21], ESP3DClientType, int, ESP3DMessageType, ESP3DAuthenticationLevel)'
   58 |     esp3d_commands.dispatch("Invalid GPIO command", ESP3DClientType::all_clients, 0, ESP3DMessageType::unique, ESP3DAuthenticationLevel::admin);
      |                                                                                                                                               ^
In file included from I:\Administrator\Documents\Arduino\ESP3D-Debug\esp3d\src\modules\http\http_server.h:23,
                 from I:\Administrator\Documents\Arduino\ESP3D-Debug\esp3d\src\modules\authentication\authentication_service.h:26,
                 from I:\Administrator\Documents\Arduino\ESP3D-Debug\esp3d\src\core\esp3d_settings.h:57,
                 from I:\Administrator\Documents\Arduino\ESP3D-Debug\esp3d\src\modules\direct_pin\direct_pin.cpp:8:
I:\Administrator\Documents\Arduino\ESP3D-Debug\esp3d\src\core\esp3d_commands.h:124:8: note: candidate: 'bool ESP3DCommands::dispatch(ESP3DMessage*, const char*)'
  124 |   bool dispatch(ESP3DMessage* msg, const char* sbuf);
      |        ^~~~~~~~
